# RTL_ID 22011200
#
# Events:
#    N - no event
#    E - exception
#    I - interrupt
#    W - wakeup
# =====================================================================================
# : Core Reset
# =====================================================================================
# Test: sbreak.hex
#           Time   Ev  Curr_PC    Instr      Next_PC    Reg        Value     
# =====================================================================================
               3   N   00000000   00000000   00000800   ---        --------
               6   N   00000800   0000e101   00000804   x10_a0     00000000
               7   N   00000804   00004e01   00000806   ---        --------
               8   N   00000806   00000297   00000808   x28_t3     00000000
               9   N   00000808   eb828293   0000080c   x05_t0     00000808
              10   N   0000080c   30529073   00000810   x05_t0     000006c0
              11   N   00000810   00004505   00000814   ---        --------
              12   N   00000814   0000057e   00000816   x10_a0     00000001
              13   N   00000816   00054863   00000818   x10_a0     80000000
              14   N   00000818   0ff0000f   00000828   ---        --------
              17   N   00000828   00028f63   0000082c   x05_t0     00000000
              18   N   0000082c   10529073   0000084a   ---        --------
              22   N   0000084a   00006509   0000084e   ---        --------
              23   N   0000084e   00006509   0000084e   ---        --------
              24   N   0000084e   80050513   00000850   x10_a0     00002000
              25   N   00000850   30052073   00000854   x10_a0     00001800
              26   N   00000854   00000297   00000858   ---        --------
              27   N   00000858   00000297   00000858   ---        --------
              28   N   00000858   6e228293   0000085c   x05_t0     00000858
              29   N   0000085c   34129073   00000860   x05_t0     00000f3a
              30   N   00000860   f1402573   00000864   ---        --------
              31   N   00000864   30200073   00000868   x10_a0     00000000
              33   N   00000868   00000000   00000f3a   ---        --------
              36   N   00000f3a   00009002   00000f3c   x28_t3     00000002
              37   E   00000f3c   0000a019   000006c0   mstatus    00001800
              37   E   00000f3c   0000a019   000006c0   mepc       00000f3c
              37   E   00000f3c   0000a019   000006c0   mcause     00000003
              37   E   00000f3c   0000a019   000006c0   mtval      00000000
              40   N   000006c0   000047a1   000006c4   x14_a4     00000003
              41   N   000006c4   06f70263   000006c6   x15_a5     00000008
              42   N   000006c6   000047a5   000006ca   ---        --------
              43   N   000006ca   04f70f63   000006cc   x15_a5     00000009
              44   N   000006cc   000047ad   000006d0   ---        --------
              45   N   000006d0   04f70c63   000006d2   x15_a5     0000000b
              46   N   000006d2   47ad0837   000006d6   ---        --------
              48   N   000006d6   04f71897   000006da   x16_a6     f0000000
              50   N   000006da   f0008893   000006de   x17_a7     000016da
              52   N   000006de   00008783   000006e2   x17_a7     00000f28
              55   N   000006e2   0000c789   000006e6   x15_a5     00000054
              56   N   000006e6   00f82023   000006e8   ---        --------
              58   N   000006e8   00000885   000006ec   ---        --------
              59   N   000006ec   0000bfd5   000006ee   x17_a7     00000f29
              60   N   000006ee   00000885   000006e2   ---        --------
              65   N   000006e2   0000c789   000006e6   x15_a5     00000061
              66   N   000006e6   00f82023   000006e8   ---        --------
              68   N   000006e8   00000885   000006ec   ---        --------
              69   N   000006ec   0000bfd5   000006ee   x17_a7     00000f2a
              70   N   000006ee   00000885   000006e2   ---        --------
              75   N   000006e2   0000c789   000006e6   x15_a5     00000073
              76   N   000006e6   00f82023   000006e8   ---        --------
              78   N   000006e8   00000885   000006ec   ---        --------
              79   N   000006ec   0000bfd5   000006ee   x17_a7     00000f2b
              80   N   000006ee   00000885   000006e2   ---        --------
              85   N   000006e2   0000c789   000006e6   x15_a5     0000006b
              86   N   000006e6   00f82023   000006e8   ---        --------
              88   N   000006e8   00000885   000006ec   ---        --------
              89   N   000006ec   0000bfd5   000006ee   x17_a7     00000f2c
              90   N   000006ee   00000885   000006e2   ---        --------
              95   N   000006e2   0000c789   000006e6   x15_a5     00000020
              96   N   000006e6   00f82023   000006e8   ---        --------
              98   N   000006e8   00000885   000006ec   ---        --------
              99   N   000006ec   0000bfd5   000006ee   x17_a7     00000f2d
             100   N   000006ee   00000885   000006e2   ---        --------
             105   N   000006e2   0000c789   000006e6   x15_a5     00000074
             106   N   000006e6   00f82023   000006e8   ---        --------
             108   N   000006e8   00000885   000006ec   ---        --------
             109   N   000006ec   0000bfd5   000006ee   x17_a7     00000f2e
             110   N   000006ee   00000885   000006e2   ---        --------
             115   N   000006e2   0000c789   000006e6   x15_a5     00000065
             116   N   000006e6   00f82023   000006e8   ---        --------
             118   N   000006e8   00000885   000006ec   ---        --------
             119   N   000006ec   0000bfd5   000006ee   x17_a7     00000f2f
             120   N   000006ee   00000885   000006e2   ---        --------
             125   N   000006e2   0000c789   000006e6   x15_a5     00000078
             126   N   000006e6   00f82023   000006e8   ---        --------
             128   N   000006e8   00000885   000006ec   ---        --------
             129   N   000006ec   0000bfd5   000006ee   x17_a7     00000f30
             130   N   000006ee   00000885   000006e2   ---        --------
             135   N   000006e2   0000c789   000006e6   x15_a5     00000074
             136   N   000006e6   00f82023   000006e8   ---        --------
             138   N   000006e8   00000885   000006ec   ---        --------
             139   N   000006ec   0000bfd5   000006ee   x17_a7     00000f31
             140   N   000006ee   00000885   000006e2   ---        --------
             145   N   000006e2   0000c789   000006e6   x15_a5     0000003a
             146   N   000006e6   00f82023   000006e8   ---        --------
             148   N   000006e8   00000885   000006ec   ---        --------
             149   N   000006ec   0000bfd5   000006ee   x17_a7     00000f32
             150   N   000006ee   00000885   000006e2   ---        --------
             155   N   000006e2   0000c789   000006e6   x15_a5     00000020
             156   N   000006e6   00f82023   000006e8   ---        --------
             158   N   000006e8   00000885   000006ec   ---        --------
             159   N   000006ec   0000bfd5   000006ee   x17_a7     00000f33
             160   N   000006ee   00000885   000006e2   ---        --------
             165   N   000006e2   0000c789   000006e6   x15_a5     00000000
             166   N   000006e6   00f82023   000006f0   ---        --------
             169   N   000006f0   000047ad   000006f2   x17_a7     00000f34
             170   N   000006f2   00f82023   000006f4   x15_a5     0000000b
             172   N   000006f4   00088783   000006f8   ---        --------
             174   N   000006f8   0000c789   000006fc   x15_a5     00000062
             175   N   000006fc   00f82023   000006fe   ---        --------
             177   N   000006fe   00000885   00000702   ---        --------
             178   N   00000702   0000bfd5   00000704   x17_a7     00000f35
             179   N   00000704   000047ad   000006f8   ---        --------
             183   N   000006f8   0000c789   000006fc   x15_a5     00000072
             184   N   000006fc   00f82023   000006fe   ---        --------
             186   N   000006fe   00000885   00000702   ---        --------
             187   N   00000702   0000bfd5   00000704   x17_a7     00000f36
             188   N   00000704   000047ad   000006f8   ---        --------
             192   N   000006f8   0000c789   000006fc   x15_a5     00000065
             193   N   000006fc   00f82023   000006fe   ---        --------
             195   N   000006fe   00000885   00000702   ---        --------
             196   N   00000702   0000bfd5   00000704   x17_a7     00000f37
             197   N   00000704   000047ad   000006f8   ---        --------
             201   N   000006f8   0000c789   000006fc   x15_a5     00000061
             202   N   000006fc   00f82023   000006fe   ---        --------
             204   N   000006fe   00000885   00000702   ---        --------
             205   N   00000702   0000bfd5   00000704   x17_a7     00000f38
             206   N   00000704   000047ad   000006f8   ---        --------
             210   N   000006f8   0000c789   000006fc   x15_a5     0000006b
             211   N   000006fc   00f82023   000006fe   ---        --------
             213   N   000006fe   00000885   00000702   ---        --------
             214   N   00000702   0000bfd5   00000704   x17_a7     00000f39
             215   N   00000704   000047ad   000006f8   ---        --------
             219   N   000006f8   0000c789   000006fc   x15_a5     00000000
             220   N   000006fc   00f82023   00000706   ---        --------
             223   N   00000706   00f82023   00000708   x15_a5     0000000b
             225   N   00000708   000047b5   0000070c   ---        --------
             226   N   0000070c   00f82023   0000070e   x15_a5     0000000d
             228   N   0000070e   00001717   00000712   ---        --------
             229   N   00000712   00f80713   00000716   x14_a4     00001712
             231   N   00000716   0000c311   0000071a   x14_a4     00000f5c
             232   N   0000071a   00008702   0000071c   ---        --------
             233   N   0000071c   34202773   00000f5c   ---        --------
             236   N   00000f5c   342022f3   00000f5e   x06_t1     00000003
             237   N   00000f5e   430d91e3   00000f62   x05_t0     00000003
             239   N   00000f62   34200317   00000f66   ---        --------
             241   N   00000f66   fe620313   00000f6a   x06_t1     00000f66
             243   N   00000f6a   000022f3   00000f6e   x06_t1     00000f3c
             245   N   00000f6e   fd6399e3   00000f72   x05_t0     00000f3c
             247   N   00000f72   0000bfe9   00000f76   ---        --------
             248   N   00000f76   00000073   00000f50   ---        --------
             251   N   00000f50   000085f2   00000f54   ---        --------
             252   N   00000f54   00004501   00000f56   x11_a1     00000002
             253   N   00000f56   00000073   00000f58   x10_a0     00000000
             254   E   00000f58   0000430d   000006c0   mstatus    00001800
             254   E   00000f58   0000430d   000006c0   mepc       00000f58
             254   E   00000f58   0000430d   000006c0   mcause     0000000b
             254   E   00000f58   0000430d   000006c0   mtval      00000000
             257   N   000006c0   000047a1   000006c4   x14_a4     0000000b
             258   N   000006c4   06f70263   000006c6   x15_a5     00000008
             259   N   000006c6   000047a5   000006ca   ---        --------
             260   N   000006ca   04f70f63   000006cc   x15_a5     00000009
             261   N   000006cc   000047ad   000006d0   ---        --------
             262   N   000006d0   04f70c63   000006d2   x15_a5     0000000b
             263   N   000006d2   47ad0837   0000072a   ---        --------
             267   N   0000072a   08370013   00000f80   ---        --------
             270   N   00000f80   17428293   00000f84   x05_t0     ffffff80
             271   N   00000f84   00008282   00000f88   x05_t0     000000f4
             272   N   00000f88   00000013   000000f4   ---        --------
             275   N   000000f4   0000006f   000000f8   ---        --------
             276   N   000000f8   ffffffff   000000f8   ---        --------
